<?xml version="1.0" encoding="UTF-8"?>
<!-- Generated by org.testng.reporters.JUnitReportReporter -->
<testsuite hostname="DESKTOP-V9I9RFR" failures="0" tests="1" name="com.lynn.qa.tests.LoginPageTests" time="7.281" errors="0" timestamp="2022-04-10T15:01:00 WAT" skipped="0">
  <testcase classname="com.lynn.qa.tests.LoginPageTests" name="ValidatePageTitle" time="7.281"/>
  <system-out/>
</testsuite> <!-- com.lynn.qa.tests.LoginPageTests -->
